{
  "command": [
    "D:\\work\\AnacondaEnvironment\\python.exe",
    "D:\\NRF5340\\PytorchToBoard\\NNFramework-main\\pipeline\\board\\tflite2cppfile.py",
    "D:\\NRF5340\\PytorchToBoard\\NNFramework-main\\artifacts\\latest_run\\pipeline\\candidates\\int8\\torch_model_full_integer_quant.tflite",
    "--output-dir",
    "D:\\NRF5340\\PytorchToBoard\\pencilv_stage_tflite_end2end\\src\\generated",
    "--process-contract",
    "D:\\NRF5340\\PytorchToBoard\\NNFramework-main\\artifacts\\latest_run\\pipeline\\process_contract.json",
    "--labels",
    "eat,drink,other",
    "--sample-rate-hz",
    "16000",
    "--capture-window-ms",
    "1000",
    "--frame-length-ms",
    "25",
    "--frame-stride-ms",
    "10",
    "--fft-length",
    "1024",
    "--mel-bin-count",
    "48",
    "--feature-frame-count",
    "94",
    "--mel-lower-edge-hz",
    "3000.0",
    "--mel-upper-edge-hz",
    "7900.0",
    "--top-db",
    "80.0"
  ],
  "returncode": 0,
  "stdout": "{\n  \"model_path\": \"D:\\\\NRF5340\\\\PytorchToBoard\\\\NNFramework-main\\\\artifacts\\\\latest_run\\\\pipeline\\\\candidates\\\\int8\\\\torch_model_full_integer_quant.tflite\",\n  \"output_dir\": \"D:\\\\NRF5340\\\\PytorchToBoard\\\\pencilv_stage_tflite_end2end\\\\src\\\\generated\",\n  \"manifest\": {},\n  \"process_contract\": \"D:\\\\NRF5340\\\\PytorchToBoard\\\\NNFramework-main\\\\artifacts\\\\latest_run\\\\pipeline\\\\process_contract.json\",\n  \"labels\": [\n    \"eat\",\n    \"drink\",\n    \"other\"\n  ]\n}\nconfig_h: D:\\NRF5340\\PytorchToBoard\\pencilv_stage_tflite_end2end\\src\\generated\\audio_event_model_config.h\ndata_h: D:\\NRF5340\\PytorchToBoard\\pencilv_stage_tflite_end2end\\src\\generated\\audio_event_model_data.h\ndata_cpp: D:\\NRF5340\\PytorchToBoard\\pencilv_stage_tflite_end2end\\src\\generated\\audio_event_model_data.cpp\nrunner_h: D:\\NRF5340\\PytorchToBoard\\pencilv_stage_tflite_end2end\\src\\generated\\audio_event_model_runner.h\nrunner_cpp: D:\\NRF5340\\PytorchToBoard\\pencilv_stage_tflite_end2end\\src\\generated\\audio_event_model_runner.cpp\n",
  "stderr": "WARNING: All log messages before absl::InitializeLog() is called are written to STDERR\nI0000 00:00:1777971881.093832   12124 port.cc:153] oneDNN custom operations are on. You may see slightly different numerical results due to floating-point round-off errors from different computation orders. To turn them off, set the environment variable `TF_ENABLE_ONEDNN_OPTS=0`.\nWARNING: All log messages before absl::InitializeLog() is called are written to STDERR\nI0000 00:00:1777971882.598619   12124 port.cc:153] oneDNN custom operations are on. You may see slightly different numerical results due to floating-point round-off errors from different computation orders. To turn them off, set the environment variable `TF_ENABLE_ONEDNN_OPTS=0`.\nD:\\work\\AnacondaEnvironment\\lib\\site-packages\\tensorflow\\lite\\python\\interpreter.py:457: UserWarning:     Warning: tf.lite.Interpreter is deprecated and is scheduled for deletion in\n    TF 2.20. Please use the LiteRT interpreter from the ai_edge_litert package.\n    See the [migration guide](https://ai.google.dev/edge/litert/migration)\n    for details.\n    \n  warnings.warn(_INTERPRETER_DELETION_WARNING)\n"
}